<?xml version="1.0" encoding="UTF-8"?>
<!-- Generated by org.testng.reporters.JUnitReportReporter -->
<testsuite hostname="DESKTOP-AKGR4NQ" failures="0" tests="4" name="Car_Rental_Tests.RentalCarsTests" time="2.596" errors="0" timestamp="2021-01-03T00:00:14 MST" skipped="0">
  <testcase classname="Car_Rental_Tests.RentalCarsTests" name="getRequest_ListOfCars" time="1.461"/>
  <testcase classname="Car_Rental_Tests.RentalCarsTests" name="getRequest_TeslaBlueAndNotes" time="0.503"/>
  <testcase classname="Car_Rental_Tests.RentalCarsTests" name="getRequest_CarWithLowestRent" time="0.279"/>
  <testcase classname="Car_Rental_Tests.RentalCarsTests" name="getRequest_CarWithLowestRevenue" time="0.353"/>
</testsuite> <!-- Car_Rental_Tests.RentalCarsTests -->
